<?xml version="1.0" encoding="UTF-8"?>
<!-- Generated by org.testng.reporters.JUnitXMLReporter -->
<testsuite ignored="0" hostname="Bhagya" failures="0" tests="4" name="Retail Workflow Validation Tests" time="30.497" errors="0" timestamp="2026-05-16T15:55:08 IST">
  <testcase classname="tests.AuthenticationWorkflowTest" name="validateEmployeeAuthenticationWorkflow" time="2.125"/>
  <testcase classname="tests.InvalidLoginValidationTest" name="validateInvalidAuthenticationHandling" time="1.886"/>
  <testcase classname="tests.EmployeeDashboardValidationTest" name="validateEmployeeDashboardAccessibility" time="4.032"/>
  <testcase classname="tests.CustomerServiceValidationTest" name="validateCustomerServiceAvailability" time="1.127"/>
</testsuite> <!-- Retail Workflow Validation Tests -->
