<?xml version="1.0" encoding="UTF-8"?>
<testng-results ignored="0" total="4" passed="4" failed="0" skipped="0">
  <reporter-output>
  </reporter-output>
  <suite started-at="2026-05-16T15:54:37 IST" name="Smart Retail Automation Suite" finished-at="2026-05-16T15:55:08 IST" duration-ms="30497">
    <groups>
    </groups>
    <test started-at="2026-05-16T15:54:37 IST" name="Retail Workflow Validation Tests" finished-at="2026-05-16T15:55:08 IST" duration-ms="30497">
      <class name="tests.AuthenticationWorkflowTest">
        <test-method is-config="true" signature="initializeBrowserSession()[pri:0, instance:tests.AuthenticationWorkflowTest@413d1baf]" started-at="2026-05-16T15:54:37 IST" name="initializeBrowserSession" finished-at="2026-05-16T15:54:45 IST" duration-ms="7903" status="PASS">
          <reporter-output>
          </reporter-output>
        </test-method> <!-- initializeBrowserSession -->
        <test-method signature="validateEmployeeAuthenticationWorkflow()[pri:0, instance:tests.AuthenticationWorkflowTest@413d1baf]" started-at="2026-05-16T15:54:45 IST" name="validateEmployeeAuthenticationWorkflow" finished-at="2026-05-16T15:54:47 IST" duration-ms="2125" status="PASS">
          <reporter-output>
          </reporter-output>
        </test-method> <!-- validateEmployeeAuthenticationWorkflow -->
        <test-method is-config="true" signature="terminateBrowserSession()[pri:0, instance:tests.AuthenticationWorkflowTest@413d1baf]" started-at="2026-05-16T15:54:47 IST" name="terminateBrowserSession" finished-at="2026-05-16T15:54:47 IST" duration-ms="181" status="PASS">
          <reporter-output>
          </reporter-output>
        </test-method> <!-- terminateBrowserSession -->
      </class> <!-- tests.AuthenticationWorkflowTest -->
      <class name="tests.EmployeeDashboardValidationTest">
        <test-method is-config="true" signature="initializeBrowserSession()[pri:0, instance:tests.EmployeeDashboardValidationTest@c430e6c]" started-at="2026-05-16T15:54:55 IST" name="initializeBrowserSession" finished-at="2026-05-16T15:55:02 IST" duration-ms="6729" status="PASS">
          <reporter-output>
          </reporter-output>
        </test-method> <!-- initializeBrowserSession -->
        <test-method signature="validateEmployeeDashboardAccessibility()[pri:0, instance:tests.EmployeeDashboardValidationTest@c430e6c]" started-at="2026-05-16T15:55:02 IST" name="validateEmployeeDashboardAccessibility" finished-at="2026-05-16T15:55:06 IST" duration-ms="4032" status="PASS">
          <reporter-output>
          </reporter-output>
        </test-method> <!-- validateEmployeeDashboardAccessibility -->
        <test-method is-config="true" signature="terminateBrowserSession()[pri:0, instance:tests.EmployeeDashboardValidationTest@c430e6c]" started-at="2026-05-16T15:55:06 IST" name="terminateBrowserSession" finished-at="2026-05-16T15:55:06 IST" duration-ms="186" status="PASS">
          <reporter-output>
          </reporter-output>
        </test-method> <!-- terminateBrowserSession -->
      </class> <!-- tests.EmployeeDashboardValidationTest -->
      <class name="tests.CustomerServiceValidationTest">
        <test-method signature="validateCustomerServiceAvailability()[pri:0, instance:tests.CustomerServiceValidationTest@312aa7c]" started-at="2026-05-16T15:55:06 IST" name="validateCustomerServiceAvailability" finished-at="2026-05-16T15:55:08 IST" duration-ms="1127" status="PASS">
          <reporter-output>
          </reporter-output>
        </test-method> <!-- validateCustomerServiceAvailability -->
      </class> <!-- tests.CustomerServiceValidationTest -->
      <class name="tests.InvalidLoginValidationTest">
        <test-method is-config="true" signature="initializeBrowserSession()[pri:0, instance:tests.InvalidLoginValidationTest@4d0d9fe7]" started-at="2026-05-16T15:54:47 IST" name="initializeBrowserSession" finished-at="2026-05-16T15:54:53 IST" duration-ms="6089" status="PASS">
          <reporter-output>
          </reporter-output>
        </test-method> <!-- initializeBrowserSession -->
        <test-method signature="validateInvalidAuthenticationHandling()[pri:0, instance:tests.InvalidLoginValidationTest@4d0d9fe7]" started-at="2026-05-16T15:54:53 IST" name="validateInvalidAuthenticationHandling" finished-at="2026-05-16T15:54:55 IST" duration-ms="1886" status="PASS">
          <reporter-output>
          </reporter-output>
        </test-method> <!-- validateInvalidAuthenticationHandling -->
        <test-method is-config="true" signature="terminateBrowserSession()[pri:0, instance:tests.InvalidLoginValidationTest@4d0d9fe7]" started-at="2026-05-16T15:54:55 IST" name="terminateBrowserSession" finished-at="2026-05-16T15:54:55 IST" duration-ms="194" status="PASS">
          <reporter-output>
          </reporter-output>
        </test-method> <!-- terminateBrowserSession -->
      </class> <!-- tests.InvalidLoginValidationTest -->
    </test> <!-- Retail Workflow Validation Tests -->
  </suite> <!-- Smart Retail Automation Suite -->
</testng-results>
